\BOOKMARK [0][-]{chapter.1}{\376\377\000L\000i\000n\000e\000a\000r\000\040\000A\000l\000g\000e\000b\000r\000a\000\040\000O\000v\000e\000r\000v\000i\000e\000w}{}% 1
\BOOKMARK [1][-]{section.1.1}{\376\377\000L\000i\000n\000e\000a\000r\000\040\000I\000t\000e\000r\000a\000t\000i\000v\000e\000\040\000S\000c\000h\000e\000m\000e\000s\000\040\000f\000o\000r\000\040\000L\000i\000n\000e\000a\000r\000\040\000S\000y\000s\000t\000e\000m\000s}{chapter.1}% 2
\BOOKMARK [0][-]{chapter.2}{\376\377\000I\000n\000t\000e\000r\000p\000o\000l\000a\000t\000i\000o\000n}{}% 3
\BOOKMARK [1][-]{section.2.1}{\376\377\000L\000a\000g\000r\000a\000n\000g\000e\000\040\000I\000n\000t\000e\000r\000p\000o\000l\000a\000t\000i\000o\000n}{chapter.2}% 4
\BOOKMARK [1][-]{section.2.2}{\376\377\000L\000a\000g\000r\000a\000n\000g\000e\000\040\000I\000n\000t\000e\000r\000p\000o\000l\000a\000t\000i\000o\000n\000\040\000P\000r\000o\000o\000f}{chapter.2}% 5
\BOOKMARK [1][-]{section.2.3}{\376\377\000H\000e\000r\000m\000i\000t\000e\000\040\000I\000n\000t\000e\000r\000p\000o\000l\000a\000t\000i\000o\000n}{chapter.2}% 6
\BOOKMARK [1][-]{section.2.4}{\376\377\000S\000p\000l\000i\000n\000e\000\040\000I\000n\000t\000e\000r\000p\000o\000l\000a\000t\000i\000o\000n}{chapter.2}% 7
\BOOKMARK [0][-]{chapter.3}{\376\377\000N\000u\000m\000e\000r\000i\000c\000a\000l\000\040\000D\000i\000f\000f\000e\000r\000e\000n\000t\000i\000a\000t\000i\000o\000n}{}% 8
\BOOKMARK [1][-]{section.3.1}{\376\377\000D\000e\000f\000i\000n\000i\000t\000i\000o\000n\000s\000\040\000o\000f\000\040\000D\000i\000f\000f\000e\000r\000e\000n\000t\000i\000a\000t\000i\000o\000n}{chapter.3}% 9
\BOOKMARK [1][-]{section.3.2}{\376\377\000G\000e\000n\000e\000r\000a\000l\000\040\000A\000p\000p\000r\000o\000a\000c\000h\000\040\000n\000+\0001\000\040\000P\000o\000i\000n\000t\000\040\000F\000o\000r\000m\000u\000l\000a}{chapter.3}% 10
\BOOKMARK [0][-]{chapter.4}{\376\377\000N\000u\000m\000e\000r\000i\000c\000a\000l\000\040\000D\000i\000f\000f\000e\000r\000e\000n\000t\000i\000a\000t\000i\000o\000n}{}% 11
\BOOKMARK [1][-]{section.4.1}{\376\377\000D\000e\000f\000i\000n\000i\000t\000i\000o\000n\000s\000\040\000o\000f\000\040\000D\000i\000f\000f\000e\000r\000e\000n\000t\000i\000a\000t\000i\000o\000n}{chapter.4}% 12
\BOOKMARK [1][-]{section.4.2}{\376\377\000G\000e\000n\000e\000r\000a\000l\000\040\000A\000p\000p\000r\000o\000a\000c\000h\000\040\000n\000+\0001\000\040\000P\000o\000i\000n\000t\000\040\000F\000o\000r\000m\000u\000l\000a}{chapter.4}% 13
\BOOKMARK [1][-]{section.4.3}{\376\377\000R\000i\000c\000h\000a\000r\000d\000s\000o\000n\000'\000s\000\040\000E\000x\000t\000r\000a\000p\000o\000l\000a\000t\000i\000o\000n}{chapter.4}% 14
\BOOKMARK [1][-]{section.4.4}{\376\377\000G\000a\000u\000s\000s\000i\000a\000n\000\040\000Q\000u\000a\000d\000r\000a\000t\000u\000r\000e}{chapter.4}% 15
\BOOKMARK [0][-]{chapter.5}{\376\377\000O\000D\000E\000\040\000a\000n\000d\000\040\000B\000o\000u\000n\000d\000a\000r\000y\000\040\000P\000r\000o\000b\000l\000e\000m\000s}{}% 16
\BOOKMARK [1][-]{section.5.1}{\376\377\000I\000n\000i\000t\000i\000a\000l\000\040\000V\000a\000l\000u\000e\000\040\000P\000r\000o\000b\000l\000e\000m\000s}{chapter.5}% 17
\BOOKMARK [1][-]{section.5.2}{\376\377\000F\000o\000r\000w\000a\000r\000d\000\040\000E\000u\000l\000e\000r}{chapter.5}% 18
\BOOKMARK [1][-]{section.5.3}{\376\377\000B\000a\000c\000k\000w\000a\000r\000d\000\040\000E\000u\000l\000e\000r\000\040\000M\000e\000t\000h\000o\000d}{chapter.5}% 19
\BOOKMARK [1][-]{section.5.4}{\376\377\000E\000l\000e\000m\000e\000n\000t\000a\000r\000y\000\040\000E\000r\000r\000o\000r\000\040\000A\000n\000a\000l\000y\000s\000i\000s}{chapter.5}% 20
\BOOKMARK [1][-]{section.5.5}{\376\377\000H\000i\000g\000h\000e\000r\000\040\000O\000r\000d\000e\000r\000\040\000M\000e\000t\000h\000o\000d\000s}{chapter.5}% 21
